2025-07-16 21:02:56,660 - INFO - [views] - User: toni created or updated Chips  Kabab
2025-07-16 21:02:56,661 - ERROR - [views] - Failed to save object: Reverse for 'addgoods' not found. 'addgoods' is not a valid view function or pattern name.
2025-07-16 21:07:08,980 - INFO - [views] - User: toni created or updated Chips  Gebna
2025-07-16 21:08:21,557 - INFO - [views] - User: toni created or updated Chips Shate w Limon
2025-07-16 21:11:40,710 - INFO - [views] - User: toni created or updated Popcorn
2025-07-16 21:42:02,071 - INFO - [views] - User: toni updated Chips Shate w Limon
2025-07-16 21:42:10,266 - INFO - [views] - User: toni updated Chips Shate w Limon
2025-07-16 21:43:24,371 - INFO - [views] - User: toni updated Chips Shate w Limon
2025-07-16 21:43:35,034 - INFO - [views] - User: toni updated Chips  Gebna
2025-07-16 22:00:34,818 - INFO - [views] - User toni saved a <QueryDict: {'csrfmiddlewaretoken': ['zUvlYY3juPqA6fwRkLARumKgSC5i6AUaoHjBQAV3NPs9oCn9hZKnfSQkAwybLFAr'], 'main_category': ['Food & Drinks'], 'sub_category': ['Hot Drinks'], 'exposure': ['on'], 'action': ['save']}>.
2025-07-16 22:02:24,634 - INFO - [views] - User: toni created or updated Cappuccino
2025-07-16 22:03:49,713 - INFO - [views] - User: toni created or updated Cappuccino Vanilla
2025-07-16 22:04:58,113 - INFO - [views] - User: toni created or updated Cappuccino Caramel
2025-07-16 23:21:32,679 - INFO - [views] - User: toni updated Popcorn
2025-07-16 23:21:48,478 - INFO - [views] - User: toni topped up Popcorn by 10
2025-07-16 23:21:51,201 - INFO - [views] - User: toni topped up Popcorn by 10
2025-07-16 23:22:04,638 - INFO - [views] - User: toni topped up Popcorn by 10
2025-07-17 19:32:51,861 - INFO - [views] - User toni saved a <QueryDict: {'csrfmiddlewaretoken': ['skYJl9RFylHxHJlyMLDxQeyUnjLrnhrwUSIVACTmLXtvPk9jy80nadHx2lvuMLDy'], 'main_category': ['Food & Drinks'], 'sub_category': ['Sandwitches'], 'exposure': ['on'], 'action': ['save']}>.
2025-07-17 19:33:39,913 - INFO - [views] - User: toni created or updated Hotdog
2025-07-22 01:05:45,981 - INFO - [views] - User: toni updated Chips  Kabab
2025-07-22 01:05:58,630 - INFO - [views] - User: toni updated Chips
